Removed Pin From Net: NetName=PH2 Pin=B41-2
Removed Pin From Net: NetName=PH2 Pin=B41-3
Removed Pin From Net: NetName=PH2 Pin=C6-2
Removed Pin From Net: NetName=PH2 Pin=C13-2
Removed Pin From Net: NetName=PH2 Pin=C17-1
Removed Pin From Net: NetName=PH2 Pin=C19-2
Removed Pin From Net: NetName=PH2 Pin=C47-1
Removed Pin From Net: NetName=PH2 Pin=C48-1
Removed Pin From Net: NetName=PH2 Pin=C50-2
Removed Pin From Net: NetName=PH2 Pin=C51-1
Removed Pin From Net: NetName=PH2 Pin=C52-1
Removed Pin From Net: NetName=PH2 Pin=C53-1
Removed Pin From Net: NetName=PH2 Pin=C54-1
Removed Pin From Net: NetName=PH2 Pin=C55-1
Removed Pin From Net: NetName=PH2 Pin=C56-1
Removed Pin From Net: NetName=PH2 Pin=C57-1
Removed Pin From Net: NetName=PH2 Pin=C58-1
Removed Pin From Net: NetName=PH2 Pin=C59-1
Removed Pin From Net: NetName=PH2 Pin=C60-1
Removed Pin From Net: NetName=PH2 Pin=C61-1
Removed Pin From Net: NetName=PH2 Pin=C62-1
Removed Pin From Net: NetName=PH2 Pin=C63-1
Removed Pin From Net: NetName=PH2 Pin=CB41-2
Removed Pin From Net: NetName=PH2 Pin=CB43-1
Removed Pin From Net: NetName=PH2 Pin=L1-2
Removed Pin From Net: NetName=PH2 Pin=L2-1
Removed Pin From Net: NetName=PH2 Pin=L41-1
Removed Pin From Net: NetName=PH2 Pin=R3-1
Removed Pin From Net: NetName=PH2 Pin=R4-1
Removed Pin From Net: NetName=PH2 Pin=R5-1
Removed Pin From Net: NetName=PH2 Pin=R17-2
Removed Pin From Net: NetName=PH2 Pin=R18-1
Removed Pin From Net: NetName=PH2 Pin=R25-1
Removed Pin From Net: NetName=PH2 Pin=R27-1
Removed Pin From Net: NetName=PH2 Pin=R46-1
Removed Pin From Net: NetName=PH2 Pin=R50-2
Removed Pin From Net: NetName=PH2 Pin=R51-2
Removed Pin From Net: NetName=PH2 Pin=R52-2
Removed Pin From Net: NetName=PH2 Pin=R53-1
Removed Pin From Net: NetName=PH2 Pin=R59-2
Removed Pin From Net: NetName=PH2 Pin=U3-9
Removed Pin From Net: NetName=PH2 Pin=U4_U_DCI_TCAN_1-1
Removed Pin From Net: NetName=PH2 Pin=U4_U_DCI_TCAN_2-1
Removed Pin From Net: NetName=PH2 Pin=U5-4
Removed Pin From Net: NetName=PH2 Pin=U7-4
Removed Pin From Net: NetName=PH2 Pin=U41-8
Removed Pin From Net: NetName=PH2 Pin=U42-17
Removed Pin From Net: NetName=PH2 Pin=U42-30
Removed Pin From Net: NetName=PH2 Pin=U42-31
Removed Pin From Net: NetName=PH2 Pin=U42-38
Removed Pin From Net: NetName=PH2 Pin=U42-39
Removed Pin From Net: NetName=PH2 Pin=U42-52
Removed Pin From Net: NetName=PH2 Pin=U42-62
Removed Pin From Net: NetName=PH2 Pin=U42-71
Removed Pin From Net: NetName=PH2 Pin=U42-72
Removed Pin From Net: NetName=PH2 Pin=U42-84
Removed Pin From Net: NetName=PH2 Pin=U42-95
Removed Pin From Net: NetName=PH2 Pin=U42-106
Removed Pin From Net: NetName=PH2 Pin=U42-108
Removed Pin From Net: NetName=PH2 Pin=U42-121
Removed Pin From Net: NetName=PH2 Pin=U42-131
Removed Pin From Net: NetName=PH2 Pin=U42-143
Removed Pin From Net: NetName=PH2 Pin=U42-144
Removed Pin From Net: NetName=PH2 Pin=U43-5
Removed Member From Class: ClassName=PWR Member=PH2
Added Component: Designator=CB44(SPST-2)
Add component (AddParameter): Name = "LatestRevisionDate"; Value = "17-Jul-2002"; VariantName = "[No Variations]"
Add component (AddParameter): Name = "LatestRevisionNote"; Value = "Re-released for DXP Platform."; VariantName = "[No Variations]"
Add component (AddParameter): Name = "PackageDescription"; Value = "Switch; 2 Leads"; VariantName = "[No Variations]"
Add component (AddParameter): Name = "PackageReference"; Value = "SPST-2"; VariantName = "[No Variations]"
Add component (AddParameter): Name = "Published"; Value = "24-Mar-1999"; VariantName = "[No Variations]"
Add component (AddParameter): Name = "Publisher"; Value = "Altium Limited"; VariantName = "[No Variations]"
Added Component: Designator=CB45(SPST-2)
Add component (AddParameter): Name = "LatestRevisionDate"; Value = "17-Jul-2002"; VariantName = "[No Variations]"
Add component (AddParameter): Name = "LatestRevisionNote"; Value = "Re-released for DXP Platform."; VariantName = "[No Variations]"
Add component (AddParameter): Name = "PackageDescription"; Value = "Switch; 2 Leads"; VariantName = "[No Variations]"
Add component (AddParameter): Name = "PackageReference"; Value = "SPST-2"; VariantName = "[No Variations]"
Add component (AddParameter): Name = "Published"; Value = "24-Mar-1999"; VariantName = "[No Variations]"
Add component (AddParameter): Name = "Publisher"; Value = "Altium Limited"; VariantName = "[No Variations]"
Added Component: Designator=CB46(SPST-2)
Add component (AddParameter): Name = "LatestRevisionDate"; Value = "17-Jul-2002"; VariantName = "[No Variations]"
Add component (AddParameter): Name = "LatestRevisionNote"; Value = "Re-released for DXP Platform."; VariantName = "[No Variations]"
Add component (AddParameter): Name = "PackageDescription"; Value = "Switch; 2 Leads"; VariantName = "[No Variations]"
Add component (AddParameter): Name = "PackageReference"; Value = "SPST-2"; VariantName = "[No Variations]"
Add component (AddParameter): Name = "Published"; Value = "24-Mar-1999"; VariantName = "[No Variations]"
Add component (AddParameter): Name = "Publisher"; Value = "Altium Limited"; VariantName = "[No Variations]"
Added Component: Designator=CB47(SPST-2)
Add component (AddParameter): Name = "LatestRevisionDate"; Value = "17-Jul-2002"; VariantName = "[No Variations]"
Add component (AddParameter): Name = "LatestRevisionNote"; Value = "Re-released for DXP Platform."; VariantName = "[No Variations]"
Add component (AddParameter): Name = "PackageDescription"; Value = "Switch; 2 Leads"; VariantName = "[No Variations]"
Add component (AddParameter): Name = "PackageReference"; Value = "SPST-2"; VariantName = "[No Variations]"
Add component (AddParameter): Name = "Published"; Value = "24-Mar-1999"; VariantName = "[No Variations]"
Add component (AddParameter): Name = "Publisher"; Value = "Altium Limited"; VariantName = "[No Variations]"
Added Component: Designator=CB48(SPST-2)
Add component (AddParameter): Name = "LatestRevisionDate"; Value = "17-Jul-2002"; VariantName = "[No Variations]"
Add component (AddParameter): Name = "LatestRevisionNote"; Value = "Re-released for DXP Platform."; VariantName = "[No Variations]"
Add component (AddParameter): Name = "PackageDescription"; Value = "Switch; 2 Leads"; VariantName = "[No Variations]"
Add component (AddParameter): Name = "PackageReference"; Value = "SPST-2"; VariantName = "[No Variations]"
Add component (AddParameter): Name = "Published"; Value = "24-Mar-1999"; VariantName = "[No Variations]"
Add component (AddParameter): Name = "Publisher"; Value = "Altium Limited"; VariantName = "[No Variations]"
Added Component: Designator=CB49(SPST-2)
Add component (AddParameter): Name = "LatestRevisionDate"; Value = "17-Jul-2002"; VariantName = "[No Variations]"
Add component (AddParameter): Name = "LatestRevisionNote"; Value = "Re-released for DXP Platform."; VariantName = "[No Variations]"
Add component (AddParameter): Name = "PackageDescription"; Value = "Switch; 2 Leads"; VariantName = "[No Variations]"
Add component (AddParameter): Name = "PackageReference"; Value = "SPST-2"; VariantName = "[No Variations]"
Add component (AddParameter): Name = "Published"; Value = "24-Mar-1999"; VariantName = "[No Variations]"
Add component (AddParameter): Name = "Publisher"; Value = "Altium Limited"; VariantName = "[No Variations]"
Added Component: Designator=R0(0603R)
Add component (AddParameter): Name = "Published"; Value = "8-Jun-2000"; VariantName = "[No Variations]"
Add component (AddParameter): Name = "Publisher"; Value = "Altium Limited"; VariantName = "[No Variations]"
Add component (AddParameter): Name = "Revision"; Value = "July-2002: Re-released for DXP Platform."; VariantName = "[No Variations]"
Add component (AddParameter): Name = "Value"; Value = "1K"; VariantName = "[No Variations]"
Added Pin To Net: NetName=PH2 Pin=CB46-2
Added Pin To Net: NetName=PH2 Pin=CB48-2
Added Pin To Net: NetName=PH2 Pin=CB49-2
Added Pin To Net: NetName=PH2 Pin=R0-1
Change Net Name : Old Net Name=PH2 New Net Name=GND
Added Pin To Net: NetName=AGND Pin=C13-2
Added Pin To Net: NetName=AGND Pin=C50-2
Added Pin To Net: NetName=AGND Pin=CB45-1
Added Pin To Net: NetName=AGND Pin=R0-2
Added Pin To Net: NetName=AGND Pin=R25-1
Added Pin To Net: NetName=AGND Pin=R27-1
Added Pin To Net: NetName=AGND Pin=U5-4
Added Pin To Net: NetName=AGND Pin=U42-31
Added Net: Name=AGND
Added Pin To Net: NetName=NetC48_1 Pin=C48-1
Added Pin To Net: NetName=NetC48_1 Pin=CB46-1
Added Pin To Net: NetName=NetC48_1 Pin=U42-71
Added Net: Name=NetC48_1
Added Pin To Net: NetName=NetCB44_2 Pin=CB44-2
Added Pin To Net: NetName=NetCB44_2 Pin=CB45-2
Added Pin To Net: NetName=NetCB44_2 Pin=U42-30
Added Net: Name=NetCB44_2
Added Pin To Net: NetName=NetCB47_1 Pin=CB47-1
Added Pin To Net: NetName=NetCB47_1 Pin=CB48-1
Added Pin To Net: NetName=NetCB47_1 Pin=U42-143
Added Net: Name=NetCB47_1
Added Pin To Net: NetName=NetCB49_1 Pin=CB49-1
Added Pin To Net: NetName=NetCB49_1 Pin=U42-38
Added Net: Name=NetCB49_1
Added Pin To Net: NetName=VDD Pin=B41-2
Added Pin To Net: NetName=VDD Pin=B41-3
Added Pin To Net: NetName=VDD Pin=C6-2
Added Pin To Net: NetName=VDD Pin=C17-1
Added Pin To Net: NetName=VDD Pin=C19-2
Added Pin To Net: NetName=VDD Pin=C47-1
Added Pin To Net: NetName=VDD Pin=C51-1
Added Pin To Net: NetName=VDD Pin=C52-1
Added Pin To Net: NetName=VDD Pin=C53-1
Added Pin To Net: NetName=VDD Pin=C54-1
Added Pin To Net: NetName=VDD Pin=C55-1
Added Pin To Net: NetName=VDD Pin=C56-1
Added Pin To Net: NetName=VDD Pin=C57-1
Added Pin To Net: NetName=VDD Pin=C58-1
Added Pin To Net: NetName=VDD Pin=C59-1
Added Pin To Net: NetName=VDD Pin=C60-1
Added Pin To Net: NetName=VDD Pin=C61-1
Added Pin To Net: NetName=VDD Pin=C62-1
Added Pin To Net: NetName=VDD Pin=C63-1
Added Pin To Net: NetName=VDD Pin=CB41-2
Added Pin To Net: NetName=VDD Pin=CB43-1
Added Pin To Net: NetName=VDD Pin=CB44-1
Added Pin To Net: NetName=VDD Pin=CB47-2
Added Pin To Net: NetName=VDD Pin=L1-2
Added Pin To Net: NetName=VDD Pin=L2-1
Added Pin To Net: NetName=VDD Pin=L41-1
Added Pin To Net: NetName=VDD Pin=R3-1
Added Pin To Net: NetName=VDD Pin=R4-1
Added Pin To Net: NetName=VDD Pin=R5-1
Added Pin To Net: NetName=VDD Pin=R17-2
Added Pin To Net: NetName=VDD Pin=R18-1
Added Pin To Net: NetName=VDD Pin=R46-1
Added Pin To Net: NetName=VDD Pin=R50-2
Added Pin To Net: NetName=VDD Pin=R51-2
Added Pin To Net: NetName=VDD Pin=R52-2
Added Pin To Net: NetName=VDD Pin=R53-1
Added Pin To Net: NetName=VDD Pin=R59-2
Added Pin To Net: NetName=VDD Pin=U3-9
Added Pin To Net: NetName=VDD Pin=U4_U_DCI_TCAN_1-1
Added Pin To Net: NetName=VDD Pin=U4_U_DCI_TCAN_2-1
Added Pin To Net: NetName=VDD Pin=U7-4
Added Pin To Net: NetName=VDD Pin=U41-8
Added Pin To Net: NetName=VDD Pin=U42-17
Added Pin To Net: NetName=VDD Pin=U42-39
Added Pin To Net: NetName=VDD Pin=U42-52
Added Pin To Net: NetName=VDD Pin=U42-62
Added Pin To Net: NetName=VDD Pin=U42-72
Added Pin To Net: NetName=VDD Pin=U42-84
Added Pin To Net: NetName=VDD Pin=U42-95
Added Pin To Net: NetName=VDD Pin=U42-106
Added Pin To Net: NetName=VDD Pin=U42-108
Added Pin To Net: NetName=VDD Pin=U42-121
Added Pin To Net: NetName=VDD Pin=U42-131
Added Pin To Net: NetName=VDD Pin=U42-144
Added Pin To Net: NetName=VDD Pin=U43-5
Added Net: Name=VDD
Added Member To Class: ClassName=U_MCU_144 Member=Component CB44 Circuit Breaker
Added Member To Class: ClassName=U_MCU_144 Member=Component CB45 Circuit Breaker
Added Member To Class: ClassName=U_MCU_144 Member=Component CB46 Circuit Breaker
Added Member To Class: ClassName=U_MCU_144 Member=Component CB47 Circuit Breaker
Added Member To Class: ClassName=U_MCU_144 Member=Component CB48 Circuit Breaker
Added Member To Class: ClassName=U_MCU_144 Member=Component CB49 Circuit Breaker
Added Member To Class: ClassName=U_MCU_144 Member=Component R0 0
Added Member To Class: ClassName=PWR Member=Wire GND
Added Member To Class: ClassName=PWR Member=Wire VDD
