Remove Pin=CN41-5 From Net=NRST
Remove Pin=J1-1 From Net=TX+
Remove Pin=J1-2 From Net=NC
Remove Pin=J1-3 From Net=TX-
Remove Pin=J1-4 From Net=NC
Remove Pin=J1-5 From Net=RX+
Remove Pin=J1-6 From Net=NC
Remove Pin=J1-7 From Net=RX-
Remove Pin=J1-8 From Net=NC
Remove Pin=J1-9 From Net=LED(YELLOW)_K
Remove Pin=J1-10 From Net=LED(YELLOW)_A
Remove Pin=J1-11 From Net=LED(GREEN)_A
Remove Pin=J1-12 From Net=LED(GREEN)_K
Remove Pin=J1-S1 From Net=SHIELD
Remove Pin=J1-S2 From Net=SHIELD
Remove Pin=R20-1 From Net=LED(YELLOW)_K
Remove Pin=R22-1 From Net=LED(GREEN)_K
Remove Pin=R23-2 From Net=CAN_P
Remove Pin=R54-2 From Net=PA13
Remove Pin=R55-2 From Net=PB3
Remove Pin=U2-9 From Net=RX-
Remove Pin=U2-11 From Net=RX+
Remove Pin=U2-14 From Net=TX-
Remove Pin=U2-16 From Net=TX+
Remove Pin=U3-3 From Net=LED(YELLOW)_A
Remove Pin=U41-1 From Net=PE3
Remove Pin=U41-2 From Net=PE5
Remove Pin=U41-3 From Net=PE4
Remove Pin=U41-5 From Net=PE6
Remove Pin=U41-6 From Net=PE2
Remove Pin=U41-7 From Net=PE7
Remove Pin=U42B-4 From Net=PE5
Remove Pin=U42B-10 From Net=PF0
Remove Pin=U42B-11 From Net=PF1
Remove Pin=U42B-12 From Net=PF2
Remove Pin=U42B-13 From Net=PF3
Remove Pin=U42B-20 From Net=PF8
Remove Pin=U42B-21 From Net=PF9
Remove Pin=U42B-22 From Net=PF10
Remove Pin=U42A-26 From Net=PC0
Remove Pin=U42A-28 From Net=PC2
Remove Pin=U42A-29 From Net=PC3
Remove Pin=U42A-37 From Net=PA3
Remove Pin=U42A-40 From Net=PA4
Remove Pin=U42A-41 From Net=PA5
Remove Pin=U42A-42 From Net=PA6
Remove Pin=U42A-46 From Net=PB0
Remove Pin=U42A-47 From Net=PB1
Remove Pin=U42B-49 From Net=PF11
Remove Pin=U42B-50 From Net=PF12
Remove Pin=U42B-53 From Net=PF13
Remove Pin=U42B-54 From Net=PF14
Remove Pin=U42B-55 From Net=PF15
Remove Pin=U42B-56 From Net=PG0
Remove Pin=U42B-57 From Net=PG1
Remove Pin=U42B-59 From Net=PE8
Remove Pin=U42B-60 From Net=PE9
Remove Pin=U42B-63 From Net=PE10
Remove Pin=U42B-64 From Net=PE11
Remove Pin=U42B-65 From Net=PE12
Remove Pin=U42B-66 From Net=PE13
Remove Pin=U42B-67 From Net=PE14
Remove Pin=U42B-68 From Net=PE15
Remove Pin=U42A-69 From Net=PB10
Remove Pin=U42A-70 From Net=PB11
Remove Pin=U42A-73 From Net=PB12
Remove Pin=U42A-76 From Net=PB15
Remove Pin=U42B-77 From Net=PD8
Remove Pin=U42B-78 From Net=PD9
Remove Pin=U42B-79 From Net=PD10
Remove Pin=U42B-80 From Net=PD11
Remove Pin=U42B-81 From Net=PD12
Remove Pin=U42B-82 From Net=PD13
Remove Pin=U42B-85 From Net=PD14
Remove Pin=U42B-86 From Net=PD15
Remove Pin=U42B-87 From Net=PG2
Remove Pin=U42B-88 From Net=PG3
Remove Pin=U42B-89 From Net=PG4
Remove Pin=U42B-90 From Net=PG5
Remove Pin=U42B-93 From Net=PG8
Remove Pin=U42A-96 From Net=PC6
Remove Pin=U42A-97 From Net=PC7
Remove Pin=U42A-98 From Net=PC8
Remove Pin=U42A-99 From Net=PC9
Remove Pin=U42A-110 From Net=PA15
Remove Pin=U42A-111 From Net=PC10
Remove Pin=U42A-112 From Net=PC11
Remove Pin=U42B-114 From Net=PD0
Remove Pin=U42B-115 From Net=PD1
Remove Pin=U42B-117 From Net=PD3
Remove Pin=U42B-118 From Net=PD4
Remove Pin=U42B-119 From Net=PD5
Remove Pin=U42B-122 From Net=PD6
Remove Pin=U42B-123 From Net=PD7
Remove Pin=U42B-124 From Net=PG9
Remove Pin=U42B-125 From Net=PG10
Remove Pin=U42B-127 From Net=PG12
Remove Pin=U42B-129 From Net=PG14
Remove Pin=U42B-132 From Net=PG15
Remove Pin=U42A-134 From Net=PB4
Remove Pin=U42A-135 From Net=PB5
Remove Pin=U42A-136 From Net=PB6
Remove Pin=U42A-139 From Net=PB8
Remove Pin=U42A-140 From Net=PB9
Remove Pin=U42B-141 From Net=PE0
Remove Pin=U42B-142 From Net=PE1
Remove Pin=U43-1 From Net=PX12
Remove Pin=U43-2 From Net=PX13
Remove Pin=U43-3 From Net=PX14
Remove Pin=U43-4 From Net=PX15
Remove Pin=U43-8 From Net=PE2
Remove Pin=U43-9 From Net=PE6
Remove Pin=U43-10 From Net=PE5
Remove Pin=U43-15 From Net=PE11
Remove Pin=U43-16 From Net=PE10
Remove Pin=U43-17 From Net=PX0
Remove Pin=U43-18 From Net=PX1
Remove Pin=U43-19 From Net=PX2
Remove Pin=U43-20 From Net=PX3
Remove Pin=U43-21 From Net=PX4
Remove Pin=U43-22 From Net=PX5
Remove Pin=U43-23 From Net=PX6
Remove Pin=U43-24 From Net=PX7
Remove Pin=U43-25 From Net=PX8
Remove Pin=U43-26 From Net=PX9
Remove Pin=U43-27 From Net=PX10
Remove Pin=U43-28 From Net=PX11
Remove Pin=W1-2 From Net=CAN_N
