Added Component: Designator=P41(HDR2X8)
Add component (AddParameter): Name = "LatestRevisionDate"; Value = "17-Jul-2002"; VariantName = "[No Variations]"
Add component (AddParameter): Name = "LatestRevisionNote"; Value = "Re-released for DXP Platform."; VariantName = "[No Variations]"
Add component (AddParameter): Name = "Publisher"; Value = "Altium Limited"; VariantName = "[No Variations]"
Added Pin To Net: NetName=PX0 Pin=P41-1
Added Pin To Net: NetName=PX1 Pin=P41-2
Added Pin To Net: NetName=PX2 Pin=P41-3
Added Pin To Net: NetName=PX3 Pin=P41-4
Added Pin To Net: NetName=PX4 Pin=P41-5
Added Pin To Net: NetName=PX5 Pin=P41-6
Added Pin To Net: NetName=PX6 Pin=P41-7
Added Pin To Net: NetName=PX7 Pin=P41-8
Added Pin To Net: NetName=PX8 Pin=P41-9
Added Pin To Net: NetName=PX9 Pin=P41-10
Added Pin To Net: NetName=PX10 Pin=P41-11
Added Pin To Net: NetName=PX11 Pin=P41-12
Added Pin To Net: NetName=PX12 Pin=P41-13
Added Pin To Net: NetName=PX13 Pin=P41-14
Added Pin To Net: NetName=PX14 Pin=P41-15
Added Pin To Net: NetName=PX15 Pin=P41-16
Added Member To Class: ClassName=U_MCU_144 Member=Component P41 Header 8X2
