Change Component Designator: Old Designator=B41 New Designator=B?
Change Component Designator: Old Designator=B42 New Designator=B?
Change Component Designator: Old Designator=C41 New Designator=C?
Change Component Designator: Old Designator=C42 New Designator=C?
Change Component Designator: Old Designator=C43 New Designator=C?
Change Component Designator: Old Designator=C44 New Designator=C?
Change Component Designator: Old Designator=C45 New Designator=C?
Change Component Designator: Old Designator=C46 New Designator=C?
Change Component Designator: Old Designator=C47 New Designator=C?
Change Component Designator: Old Designator=C48 New Designator=C?
Change Component Designator: Old Designator=C49 New Designator=C?
Change Component Designator: Old Designator=C50 New Designator=C?
Change Component Designator: Old Designator=C51 New Designator=C?
Change Component Designator: Old Designator=C52 New Designator=C?
Change Component Designator: Old Designator=C53 New Designator=C?
Change Component Designator: Old Designator=C54 New Designator=C?
Change Component Designator: Old Designator=C55 New Designator=C?
Change Component Designator: Old Designator=C56 New Designator=C?
Change Component Designator: Old Designator=C57 New Designator=C?
Change Component Designator: Old Designator=C58 New Designator=C?
Change Component Designator: Old Designator=C59 New Designator=C?
Change Component Designator: Old Designator=C60 New Designator=C?
Change Component Designator: Old Designator=C61 New Designator=C?
Change Component Designator: Old Designator=C62 New Designator=C?
Change Component Designator: Old Designator=C63 New Designator=C?
Change Component Designator: Old Designator=JP41 New Designator=JP?
Change Component Designator: Old Designator=JP42 New Designator=JP?
Change Component Designator: Old Designator=JP43 New Designator=JP?
Change Component Designator: Old Designator=L41 New Designator=L?
Change Component Designator: Old Designator=LD41 New Designator=LD?
Change Component Designator: Old Designator=LD42 New Designator=LD?
Change Component Designator: Old Designator=R41 New Designator=R?
Change Component Designator: Old Designator=R42 New Designator=R?
Change Component Designator: Old Designator=R43 New Designator=R?
Change Component Designator: Old Designator=R44 New Designator=R?
Change Component Designator: Old Designator=R45 New Designator=R?
Change Component Designator: Old Designator=R46 New Designator=R?
Change Component Designator: Old Designator=R47 New Designator=R?
Change Component Designator: Old Designator=R48 New Designator=R?
Change Component Designator: Old Designator=R49 New Designator=R?
Change Component Designator: Old Designator=TP41 New Designator=TP?
Change Component Designator: Old Designator=U41 New Designator=U?
Change Component Designator: Old Designator=U42 New Designator=U?
Change Component Designator: Old Designator=U42 New Designator=U?
Change Component Designator: Old Designator=U42 New Designator=U?
Change Component Designator: Old Designator=U43 New Designator=U?
Change Component Designator: Old Designator=X41 New Designator=X?
Change Component Designator: Old Designator=X42 New Designator=X?
