Removed Pin From Net: NetName=PH2 Pin=C49-1
Removed Pin From Net: NetName=PH2 Pin=R41-2
Removed Pin From Net: NetName=PH2 Pin=U42-6
Added Component: Designator=CB41(SPST-2)
Add component (AddParameter): Name = "LatestRevisionDate"; Value = "17-Jul-2002"; VariantName = "[No Variations]"
Add component (AddParameter): Name = "LatestRevisionNote"; Value = "Re-released for DXP Platform."; VariantName = "[No Variations]"
Add component (AddParameter): Name = "PackageDescription"; Value = "Switch; 2 Leads"; VariantName = "[No Variations]"
Add component (AddParameter): Name = "PackageReference"; Value = "SPST-2"; VariantName = "[No Variations]"
Add component (AddParameter): Name = "Published"; Value = "24-Mar-1999"; VariantName = "[No Variations]"
Add component (AddParameter): Name = "Publisher"; Value = "Altium Limited"; VariantName = "[No Variations]"
Added Component: Designator=CB42(SPST-2)
Add component (AddParameter): Name = "LatestRevisionDate"; Value = "17-Jul-2002"; VariantName = "[No Variations]"
Add component (AddParameter): Name = "LatestRevisionNote"; Value = "Re-released for DXP Platform."; VariantName = "[No Variations]"
Add component (AddParameter): Name = "PackageDescription"; Value = "Switch; 2 Leads"; VariantName = "[No Variations]"
Add component (AddParameter): Name = "PackageReference"; Value = "SPST-2"; VariantName = "[No Variations]"
Add component (AddParameter): Name = "Published"; Value = "24-Mar-1999"; VariantName = "[No Variations]"
Add component (AddParameter): Name = "Publisher"; Value = "Altium Limited"; VariantName = "[No Variations]"
Added Component: Designator=CB43(SPST-2)
Add component (AddParameter): Name = "LatestRevisionDate"; Value = "17-Jul-2002"; VariantName = "[No Variations]"
Add component (AddParameter): Name = "LatestRevisionNote"; Value = "Re-released for DXP Platform."; VariantName = "[No Variations]"
Add component (AddParameter): Name = "PackageDescription"; Value = "Switch; 2 Leads"; VariantName = "[No Variations]"
Add component (AddParameter): Name = "PackageReference"; Value = "SPST-2"; VariantName = "[No Variations]"
Add component (AddParameter): Name = "Published"; Value = "24-Mar-1999"; VariantName = "[No Variations]"
Add component (AddParameter): Name = "Publisher"; Value = "Altium Limited"; VariantName = "[No Variations]"
Added Pin To Net: NetName=PH2 Pin=CB41-2
Added Pin To Net: NetName=PH2 Pin=CB42-2
Added Pin To Net: NetName=PH2 Pin=CB43-1
Added Pin To Net: NetName=NetCB41_1 Pin=CB41-1
Added Pin To Net: NetName=NetCB41_1 Pin=CB42-1
Added Pin To Net: NetName=NetCB41_1 Pin=R41-2
Added Net: Name=NetCB41_1
Added Pin To Net: NetName=VBAT Pin=C49-1
Added Pin To Net: NetName=VBAT Pin=CB43-2
Added Pin To Net: NetName=VBAT Pin=U42-6
Added Net: Name=VBAT
Added Member To Class: ClassName=U_MCU_144 Member=Component CB41 Circuit Breaker
Added Member To Class: ClassName=U_MCU_144 Member=Component CB42 Circuit Breaker
Added Member To Class: ClassName=U_MCU_144 Member=Component CB43 Circuit Breaker
